mail() on [/home/emdmexic/public_html/contact_process.php:17]: To: Juan Alberto Jimenez Angel <jualjiman@gmail.com> -- Headers: MIME-Version: 1.0  Content-type: text/plain; charset=iso-8859-1  From: probando formulario <blow.it.away@live.com.mx>  Subject: Contacto emdmexico.com  X-Mailer: PHP/5.3.28
mail() on [/home/emdmexic/public_html/contact_process.php:17]: To: Juan Alberto Jimenez Angel <jualjiman@gmail.com> -- Headers: MIME-Version: 1.0  Content-type: text/plain; charset=iso-8859-1  From: ihkjhjh <jualjiman@gmail.com>  Subject: Contacto emdmexico.com  X-Mailer: PHP/5.3.28
mail() on [/home/emdmexic/public_html/contact_process.php:17]: To: Juan Alberto Jimenez Angel <jualjiman@gmail.com> -- Headers: MIME-Version: 1.0  Content-type: text/plain; charset=iso-8859-1  From: juan alberto <blow.it.away@live.com.mx>  Subject: Contacto emdmexico.com  X-Mailer: PHP/5.3.28
mail() on [/home/emdmexic/public_html/contact_process.php:17]: To: Juan Alberto Jimenez Angel <jualjiman@gmail.com> -- Headers: MIME-Version: 1.0  Content-type: text/plain; charset=iso-8859-1  From:  <>  Subject: Contacto emdmexico.com  X-Mailer: PHP/5.3.28
mail() on [/home/emdmexic/public_html/contact_process.php:17]: To: Juan Alberto Jimenez Angel <jualjiman@gmail.com> -- Headers: MIME-Version: 1.0  Content-type: text/plain; charset=iso-8859-1  From: juan alberto <blow.it.away@live.com.mx>  Subject: Contacto emdmexico.com  X-Mailer: PHP/5.3.28
mail() on [/home/emdmexic/public_html/contact_process.php:17]: To: Juan Alberto Jimenez Angel <jualjiman@gmail.com> -- Headers: MIME-Version: 1.0  Content-type: text/plain; charset=iso-8859-1  From: khj <jualjiman@gmail.com>  Subject: Contacto emdmexico.com  X-Mailer: PHP/5.3.28
mail() on [/home/emdmexic/public_html/contact_process.php:17]: To: Juan Alberto Jimenez Angel <jualjiman@gmail.com> -- Headers: MIME-Version: 1.0  Content-type: text/plain; charset=iso-8859-1  From: juan alberto <blow.it.away@live.com.mx>  Subject: Contacto emdmexico.com  X-Mailer: PHP/5.3.28
mail() on [/home/emdmexic/public_html/contact_process.php:17]: To: Juan Alberto Jimenez Angel <jualjiman@gmail.com> -- Headers: MIME-Version: 1.0  Content-type: text/plain; charset=iso-8859-1  From: probando <jualjiman@gmail.com>  Subject: Contacto emdmexico.com  X-Mailer: PHP/5.3.28
mail() on [/home/emdmexic/public_html/contact_process.php:17]: To: Juan Alberto Jimenez Angel <jualjiman@gmail.com> -- Headers: MIME-Version: 1.0  Content-type: text/plain; charset=iso-8859-1  From: jauna almd <jualjiman@gmail.com>  Subject: Contacto emdmexico.com  X-Mailer: PHP/5.3.28
mail() on [/home/emdmexic/public_html/contact_process.php:17]: To: Juan Alberto Jimenez Angel <jualjiman@gmail.com> -- Headers: MIME-Version: 1.0  Content-type: text/plain; charset=iso-8859-1  From: ihjkjhgjh <anitsanlo@gmail.com>  Subject: Contacto emdmexico.com  X-Mailer: PHP/5.3.28
mail() on [/home/emdmexic/public_html/contact_process.php:17]: To: Juan Alberto Jimenez Angel <jualjiman@gmail.com> -- Headers: MIME-Version: 1.0  Content-type: text/plain; charset=iso-8859-1  From: juan alberto jimenez angel <jualjiman@gmail.com>  Subject: Contacto emdmexico.com  X-Mailer: PHP/5.3.28
mail() on [/home/emdmexic/public_html/contact_process.php:17]: To: Juan Alberto Jimenez Angel <jualjiman@gmail.com> -- Headers: MIME-Version: 1.0  Content-type: text/plain; charset=iso-8859-1  From: juan alberto jimenez angel <jualjiman@gmail.com>  Subject: Contacto emdmexico.com  X-Mailer: PHP/5.3.28
mail() on [/home/emdmexic/public_html/contact_process.php:17]: To: Juan Alberto Jimenez Angel <jualjiman@gmail.com> -- Headers: MIME-Version: 1.0  Content-type: text/plain; charset=iso-8859-1  From: hjhjhhh <jualjiman@gmail.com>  Subject: Contacto emdmexico.com  X-Mailer: PHP/5.3.28
mail() on [/home/emdmexic/public_html/contact_process.php:17]: To: Juan Alberto Jimenez Angel <jualjiman@gmail.com> -- Headers: MIME-Version: 1.0  Content-type: text/plain; charset=iso-8859-1  From: hhhbffg <jualjiman@gmail.com>  Subject: Contacto emdmexico.com  X-Mailer: PHP/5.3.28
mail() on [/home/emdmexic/public_html/contact_process.php:17]: To: Juan Alberto Jimenez Angel <jualjiman@gmail.com> -- Headers: MIME-Version: 1.0  Content-type: text/plain; charset=iso-8859-1  From: probando desde la oficina <anitsanlo@gmail.com>  Subject: Contacto emdmexico.com  X-Mailer: PHP/5.3.28
mail() on [/home/emdmexic/public_html/contact_process.php:17]: To: Juan Alberto Jimenez Angel <jualjiman@gmail.com> -- Headers: MIME-Version: 1.0  Content-type: text/plain; charset=iso-8859-1  From: nombre de prueba <anitsanlo@gmail.com>  Subject: Contacto emdmexico.com  X-Mailer: PHP/5.3.28
mail() on [/home/emdmexic/public_html/contact_process.php:17]: To: Juan Alberto Jimenez Angel <jualjiman@gmail.com> -- Headers: MIME-Version: 1.0  Content-type: text/plain; charset=iso-8859-1  From: Vladimir Trandev <vladimir.trandev@gmail.com>  Subject: Contacto emdmexico.com  X-Mailer: PHP/5.3.28
mail() on [/home/emdmexic/public_html/contact_process.php:17]: To: Juan Alberto Jimenez Angel <jualjiman@gmail.com> -- Headers: MIME-Version: 1.0  Content-type: text/plain; charset=iso-8859-1  From: Vladimir Trandev <vladimir.trandev@gmail.com>  Subject: Contacto emdmexico.com  X-Mailer: PHP/5.3.28
mail() on [/home/emdmexic/public_html/contact_process.php:16]: To: Juan Alberto Jimenez Angel <jualjiman@gmail.com> -- Headers: MIME-Version: 1.0  Content-type: text/plain; charset=iso-8859-1  From: juan alberto jimenez angel <blow.it.away@live.com.mx>  X-Mailer: PHP/5.3.28
mail() on [/home/emdmexic/public_html/contact_process.php:16]: To: Juan Alberto Jimenez Angel <jualjiman@gmail.com> -- Headers: MIME-Version: 1.0  Content-type: text/plain; charset=iso-8859-1  From: juan alberto jimenez angel <blow.it.away@live.com.mx>  X-Mailer: PHP/5.3.28
mail() on [/home/emdmexic/public_html/contact_process.php:16]: To: Alejandro Villamizar <Contacto.emdmexico@gmail.com> -- Headers: MIME-Version: 1.0  Content-type: text/plain; charset=iso-8859-1  From: Juan Alberto Jimenez Angel <jualjiman@gmail.com>  X-Mailer: PHP/5.3.28
mail() on [/home/emdmexic/public_html/contact_process.php:16]: To: Alejandro Villamizar <Contacto.emdmexico@gmail.com> -- Headers: MIME-Version: 1.0  Content-type: text/plain; charset=iso-8859-1  From: Juan Alberto Jimenez Angel <jualjiman@gmail.com>  X-Mailer: PHP/5.3.28
mail() on [/home/emdmexic/public_html/contact_process.php:16]: To: Alejandro Villamizar <Contacto.emdmexico@gmail.com> -- Headers: MIME-Version: 1.0  Content-type: text/plain; charset=iso-8859-1  From: Juan Alberto Jimenez Angel <jualjiman@gmail.com>  X-Mailer: PHP/5.3.28
mail() on [/home/emdmexic/public_html/contact_process.php:16]: To: Alejandro Villamizar <Contacto.emdmexico@gmail.com> -- Headers: MIME-Version: 1.0  Content-type: text/plain; charset=iso-8859-1  From: Juan Alberto Jimenez Angel <jualjiman@gmail.com>  X-Mailer: PHP/5.3.28
